<?xml version="1.0" encoding="UTF-8"?>
<testng-results skipped="0" failed="0" ignored="0" total="3" passed="3">
  <reporter-output>
  </reporter-output>
  <suite name="Default Suite" duration-ms="64" started-at="2022-05-12T16:19:13Z" finished-at="2022-05-12T16:19:13Z">
    <groups>
    </groups>
    <test name="MusalaSoftDemoTask" duration-ms="64" started-at="2022-05-12T16:19:13Z" finished-at="2022-05-12T16:19:13Z">
      <class name="base.TestNGParallelTesting">
        <test-method status="PASS" signature="test1()[pri:0, instance:base.TestNGParallelTesting@506e6d5e]" name="test1" duration-ms="16" started-at="2022-05-12T16:19:13Z" finished-at="2022-05-12T16:19:13Z">
          <reporter-output>
          </reporter-output>
        </test-method> <!-- test1 -->
        <test-method status="PASS" signature="test3()[pri:0, instance:base.TestNGParallelTesting@506e6d5e]" name="test3" duration-ms="8" started-at="2022-05-12T16:19:13Z" finished-at="2022-05-12T16:19:13Z">
          <reporter-output>
          </reporter-output>
        </test-method> <!-- test3 -->
        <test-method status="PASS" signature="test2()[pri:0, instance:base.TestNGParallelTesting@506e6d5e]" name="test2" duration-ms="0" started-at="2022-05-12T16:19:13Z" finished-at="2022-05-12T16:19:13Z">
          <reporter-output>
          </reporter-output>
        </test-method> <!-- test2 -->
      </class> <!-- base.TestNGParallelTesting -->
    </test> <!-- MusalaSoftDemoTask -->
  </suite> <!-- Default Suite -->
</testng-results>
