<?xml version="1.0" encoding="UTF-8"?>
<!-- Generated by org.testng.reporters.JUnitXMLReporter -->
<testsuite hostname="ITKKM0R" ignored="0" name="MusalaSoftDemoTask" tests="3" failures="0" timestamp="12 May 2022 16:19:13 GMT" time="0.064" errors="0">
  <testcase name="test1" time="0.016" classname="base.TestNGParallelTesting"/>
  <testcase name="test2" time="0.0" classname="base.TestNGParallelTesting"/>
  <testcase name="test3" time="0.008" classname="base.TestNGParallelTesting"/>
</testsuite> <!-- MusalaSoftDemoTask -->
